-------------------------------------------------------------------------------
Test set: runner.Testcase1
-------------------------------------------------------------------------------
Tests run: 4, Failures: 1, Errors: 0, Skipped: 0, Time elapsed: 48.12 s <<< FAILURE! - in runner.Testcase1
addLowCostGiftCard(runner.Testcase1)  Time elapsed: 7.026 s  <<< FAILURE!
java.lang.AssertionError: expected [true] but found [false]
	at runner.Testcase1.addLowCostGiftCard(Testcase1.java:133)

